<?xml version="1.0" encoding="UTF-8"?>
<testsuite xmlns:xsi="http://www.w3.org/2001/XMLSchema-instance" xsi:noNamespaceSchemaLocation="https://maven.apache.org/surefire/maven-surefire-plugin/xsd/surefire-test-report-3.0.xsd" version="3.0" name="com.mvc.ecommerce.EcommerceApplicationTests" time="10.114" tests="1" errors="0" skipped="0" failures="0">
  <properties>
[...]
</properties>
  <testcase name="contextLoads" classname="com.mvc.ecommerce.EcommerceApplicationTests" time="0.682">
    <system-out><![CDATA[10:23:32.155 [main] INFO org.springframework.test.context.support.AnnotationConfigContextLoaderUtils -- Could not detect default configuration classes for test class [com.mvc.ecommerce.EcommerceApplicationTests]: EcommerceApplicationTests does not declare any static, non-private, non-final, nested classes annotated with @Configuration.
10:23:32.328 [main] INFO org.springframework.boot.test.context.SpringBootTestContextBootstrapper -- Found @SpringBootConfiguration com.mvc.ecommerce.EcommerceApplication for test class com.mvc.ecommerce.EcommerceApplicationTests
10:23:32.795 [main] INFO org.springframework.boot.devtools.restart.RestartApplicationListener -- Restart disabled due to context in which it is running

  .   ____          _            __ _ _
 /\\ / ___'_ __ _ _(_)_ __  __ _ \ \ \ \
( ( )\___ | '_ | '_| | '_ \/ _` | \ \ \ \
 \\/  ___)| |_)| | | | | || (_| |  ) ) ) )
  '  |____| .__|_| |_|_| |_\__, | / / / /
 =========|_|==============|___/=/_/_/_/
 :: Spring Boot ::                (v3.1.7)

2024-05-06T10:23:33.190+07:00  INFO 10080 --- [           main] c.m.ecommerce.EcommerceApplicationTests  : Starting EcommerceApplicationTests using Java 17.0.8 with PID 10080 (started by DELL in D:\Ecommerce\ecommerce\ecommerce)
2024-05-06T10:23:33.192+07:00  INFO 10080 --- [           main] c.m.ecommerce.EcommerceApplicationTests  : No active profile set, falling back to 1 default profile: "default"
2024-05-06T10:23:34.501+07:00  INFO 10080 --- [           main] .s.d.r.c.RepositoryConfigurationDelegate : Bootstrapping Spring Data JPA repositories in DEFAULT mode.
2024-05-06T10:23:34.646+07:00  INFO 10080 --- [           main] .s.d.r.c.RepositoryConfigurationDelegate : Finished Spring Data repository scanning in 127 ms. Found 5 JPA repository interfaces.
2024-05-06T10:23:35.622+07:00  INFO 10080 --- [           main] o.hibernate.jpa.internal.util.LogHelper  : HHH000204: Processing PersistenceUnitInfo [name: default]
2024-05-06T10:23:35.728+07:00  INFO 10080 --- [           main] org.hibernate.Version                    : HHH000412: Hibernate ORM core version 6.2.17.Final
2024-05-06T10:23:35.730+07:00  INFO 10080 --- [           main] org.hibernate.cfg.Environment            : HHH000406: Using bytecode reflection optimizer
2024-05-06T10:23:36.212+07:00  INFO 10080 --- [           main] o.s.o.j.p.SpringPersistenceUnitInfo      : No LoadTimeWeaver setup: ignoring JPA class transformer
2024-05-06T10:23:36.258+07:00  INFO 10080 --- [           main] com.zaxxer.hikari.HikariDataSource       : HikariPool-1 - Starting...
2024-05-06T10:23:36.938+07:00  INFO 10080 --- [           main] com.zaxxer.hikari.pool.HikariPool        : HikariPool-1 - Added connection com.mysql.cj.jdbc.ConnectionImpl@194911c1
2024-05-06T10:23:36.942+07:00  INFO 10080 --- [           main] com.zaxxer.hikari.HikariDataSource       : HikariPool-1 - Start completed.
2024-05-06T10:23:37.015+07:00  WARN 10080 --- [           main] org.hibernate.orm.deprecation            : HHH90000025: MySQLDialect does not need to be specified explicitly using 'hibernate.dialect' (remove the property setting and it will be selected by default)
2024-05-06T10:23:38.491+07:00  INFO 10080 --- [           main] o.h.e.t.j.p.i.JtaPlatformInitiator       : HHH000489: No JTA platform available (set 'hibernate.transaction.jta.platform' to enable JTA platform integration)
2024-05-06T10:23:38.615+07:00  INFO 10080 --- [           main] j.LocalContainerEntityManagerFactoryBean : Initialized JPA EntityManagerFactory for persistence unit 'default'
2024-05-06T10:23:38.970+07:00  INFO 10080 --- [           main] o.s.d.j.r.query.QueryEnhancerFactory     : Hibernate is in classpath; If applicable, HQL parser will be used.
2024-05-06T10:23:40.382+07:00  WARN 10080 --- [           main] JpaBaseConfiguration$JpaWebConfiguration : spring.jpa.open-in-view is enabled by default. Therefore, database queries may be performed during view rendering. Explicitly configure spring.jpa.open-in-view to disable this warning
2024-05-06T10:23:40.804+07:00  INFO 10080 --- [           main] o.s.s.web.DefaultSecurityFilterChain     : Will secure any request with [org.springframework.security.web.session.DisableEncodeUrlFilter@78a6ffe3, org.springframework.security.web.context.request.async.WebAsyncManagerIntegrationFilter@f04b315, org.springframework.security.web.context.SecurityContextHolderFilter@6b54dbd8, org.springframework.security.web.header.HeaderWriterFilter@13ea4f97, org.springframework.security.web.authentication.logout.LogoutFilter@24d6355c, org.springframework.security.web.authentication.UsernamePasswordAuthenticationFilter@7560ca1d, org.springframework.security.web.savedrequest.RequestCacheAwareFilter@229762ab, org.springframework.security.web.servletapi.SecurityContextHolderAwareRequestFilter@9c53820, org.springframework.security.web.authentication.AnonymousAuthenticationFilter@7cc7a0ca, org.springframework.security.web.access.ExceptionTranslationFilter@66997c32, org.springframework.security.web.access.intercept.AuthorizationFilter@46663674]
2024-05-06T10:23:40.812+07:00  WARN 10080 --- [           main] o.s.s.c.a.web.builders.WebSecurity       : You are asking Spring Security to ignore Ant [pattern='/styles/**']. This is not recommended -- please use permitAll via HttpSecurity#authorizeHttpRequests instead.
2024-05-06T10:23:40.813+07:00  INFO 10080 --- [           main] o.s.s.web.DefaultSecurityFilterChain     : Will not secure Ant [pattern='/styles/**']
2024-05-06T10:23:40.813+07:00  WARN 10080 --- [           main] o.s.s.c.a.web.builders.WebSecurity       : You are asking Spring Security to ignore Ant [pattern='/script/**']. This is not recommended -- please use permitAll via HttpSecurity#authorizeHttpRequests instead.
2024-05-06T10:23:40.813+07:00  INFO 10080 --- [           main] o.s.s.web.DefaultSecurityFilterChain     : Will not secure Ant [pattern='/script/**']
2024-05-06T10:23:40.813+07:00  WARN 10080 --- [           main] o.s.s.c.a.web.builders.WebSecurity       : You are asking Spring Security to ignore Ant [pattern='/images/**']. This is not recommended -- please use permitAll via HttpSecurity#authorizeHttpRequests instead.
2024-05-06T10:23:40.813+07:00  INFO 10080 --- [           main] o.s.s.web.DefaultSecurityFilterChain     : Will not secure Ant [pattern='/images/**']
2024-05-06T10:23:41.288+07:00  INFO 10080 --- [           main] c.m.ecommerce.EcommerceApplicationTests  : Started EcommerceApplicationTests in 8.526 seconds (process running for 10.441)
]]></system-out>
  </testcase>
</testsuite>