<?xml version="1.0" encoding="UTF-8"?>
<testsuite xmlns:xsi="http://www.w3.org/2001/XMLSchema-instance" xsi:noNamespaceSchemaLocation="https://maven.apache.org/surefire/maven-surefire-plugin/xsd/surefire-test-report-3.0.xsd" version="3.0" name="com.mvc.ecommerce.EcommerceApplicationTests" time="17.349" tests="1" errors="0" skipped="0" failures="0">
  <properties>
[...]
</properties>
  <testcase name="contextLoads" classname="com.mvc.ecommerce.EcommerceApplicationTests" time="0.686">
    <system-out><![CDATA[17:40:42.232 [main] INFO org.springframework.test.context.support.AnnotationConfigContextLoaderUtils -- Could not detect default configuration classes for test class [com.mvc.ecommerce.EcommerceApplicationTests]: EcommerceApplicationTests does not declare any static, non-private, non-final, nested classes annotated with @Configuration.
17:40:42.380 [main] INFO org.springframework.boot.test.context.SpringBootTestContextBootstrapper -- Found @SpringBootConfiguration com.mvc.ecommerce.EcommerceApplication for test class com.mvc.ecommerce.EcommerceApplicationTests
17:40:42.636 [main] INFO org.springframework.boot.devtools.restart.RestartApplicationListener -- Restart disabled due to context in which it is running

  .   ____          _            __ _ _
 /\\ / ___'_ __ _ _(_)_ __  __ _ \ \ \ \
( ( )\___ | '_ | '_| | '_ \/ _` | \ \ \ \
 \\/  ___)| |_)| | | | | || (_| |  ) ) ) )
  '  |____| .__|_| |_|_| |_\__, | / / / /
 =========|_|==============|___/=/_/_/_/
 :: Spring Boot ::                (v3.1.7)

2024-02-25T17:40:43.099+07:00  INFO 11704 --- [           main] c.m.ecommerce.EcommerceApplicationTests  : Starting EcommerceApplicationTests using Java 17.0.8 with PID 11704 (started by DELL in D:\ecommerce\ecommerce\ecommerce)
2024-02-25T17:40:43.103+07:00  INFO 11704 --- [           main] c.m.ecommerce.EcommerceApplicationTests  : No active profile set, falling back to 1 default profile: "default"
2024-02-25T17:40:44.715+07:00  INFO 11704 --- [           main] .s.d.r.c.RepositoryConfigurationDelegate : Bootstrapping Spring Data JPA repositories in DEFAULT mode.
2024-02-25T17:40:44.858+07:00  INFO 11704 --- [           main] .s.d.r.c.RepositoryConfigurationDelegate : Finished Spring Data repository scanning in 130 ms. Found 5 JPA repository interfaces.
2024-02-25T17:40:45.704+07:00  INFO 11704 --- [           main] o.hibernate.jpa.internal.util.LogHelper  : HHH000204: Processing PersistenceUnitInfo [name: default]
2024-02-25T17:40:45.797+07:00  INFO 11704 --- [           main] org.hibernate.Version                    : HHH000412: Hibernate ORM core version 6.2.17.Final
2024-02-25T17:40:45.803+07:00  INFO 11704 --- [           main] org.hibernate.cfg.Environment            : HHH000406: Using bytecode reflection optimizer
2024-02-25T17:40:46.359+07:00  INFO 11704 --- [           main] o.s.o.j.p.SpringPersistenceUnitInfo      : No LoadTimeWeaver setup: ignoring JPA class transformer
2024-02-25T17:40:46.414+07:00  INFO 11704 --- [           main] com.zaxxer.hikari.HikariDataSource       : HikariPool-1 - Starting...
2024-02-25T17:40:49.747+07:00  INFO 11704 --- [           main] com.zaxxer.hikari.pool.HikariPool        : HikariPool-1 - Added connection com.mysql.cj.jdbc.ConnectionImpl@2a7bc16b
2024-02-25T17:40:49.749+07:00  INFO 11704 --- [           main] com.zaxxer.hikari.HikariDataSource       : HikariPool-1 - Start completed.
2024-02-25T17:40:50.319+07:00  WARN 11704 --- [           main] org.hibernate.orm.deprecation            : HHH90000025: MySQLDialect does not need to be specified explicitly using 'hibernate.dialect' (remove the property setting and it will be selected by default)
2024-02-25T17:40:52.013+07:00  INFO 11704 --- [           main] o.h.e.t.j.p.i.JtaPlatformInitiator       : HHH000489: No JTA platform available (set 'hibernate.transaction.jta.platform' to enable JTA platform integration)
2024-02-25T17:40:56.038+07:00  INFO 11704 --- [           main] j.LocalContainerEntityManagerFactoryBean : Initialized JPA EntityManagerFactory for persistence unit 'default'
2024-02-25T17:40:56.414+07:00  INFO 11704 --- [           main] o.s.d.j.r.query.QueryEnhancerFactory     : Hibernate is in classpath; If applicable, HQL parser will be used.
2024-02-25T17:40:57.915+07:00  WARN 11704 --- [           main] JpaBaseConfiguration$JpaWebConfiguration : spring.jpa.open-in-view is enabled by default. Therefore, database queries may be performed during view rendering. Explicitly configure spring.jpa.open-in-view to disable this warning
2024-02-25T17:40:58.616+07:00  INFO 11704 --- [           main] c.m.ecommerce.EcommerceApplicationTests  : Started EcommerceApplicationTests in 15.999 seconds (process running for 17.576)
]]></system-out>
  </testcase>
</testsuite>